<?xml version="1.0" encoding="UTF-8"?>
<!-- Generated by org.testng.reporters.JUnitReportReporter -->
<testsuite hostname="SSAMAL23" failures="0" tests="1" name="restAssured_Example.TC_03_POST_GitHub" time="3.570" errors="0" timestamp="2022-12-16T02:48:21 IST" skipped="0">
  <testcase classname="restAssured_Example.TC_03_POST_GitHub" name="verifyPostMessage" time="3.570"/>
  <system-out/>
</testsuite> <!-- restAssured_Example.TC_03_POST_GitHub -->
