<?xml version="1.0" encoding="UTF-8"?>
<!-- Generated by org.testng.reporters.JUnitReportReporter -->
<testsuite hostname="SSAMAL23" failures="0" tests="1" name="restAssured_Example.TC_02_POST_Example" time="2.583" errors="0" timestamp="2022-12-15T15:16:52 IST" skipped="0">
  <testcase classname="restAssured_Example.TC_02_POST_Example" name="verifyPostMessage" time="2.583"/>
  <system-out/>
</testsuite> <!-- restAssured_Example.TC_02_POST_Example -->
