<?xml version="1.0" encoding="UTF-8"?>
<!-- Generated by org.testng.reporters.JUnitReportReporter -->
<testsuite hostname="SSAMAL23" failures="0" tests="3" name="restAssured_Example.TC_01_GET" time="0.080" errors="0" timestamp="2022-12-08T15:01:36 IST" skipped="0">
  <testcase classname="restAssured_Example.TC_01_GET" name="viewResponse" time="0.075"/>
  <system-out/>
  <testcase classname="restAssured_Example.TC_01_GET" name="verifyResponse" time="0.000"/>
  <system-out/>
  <testcase classname="restAssured_Example.TC_01_GET" name="verifyHeader" time="0.005"/>
  <system-out/>
</testsuite> <!-- restAssured_Example.TC_01_GET -->
